# JRE version: OpenJDK Runtime Environment (17.0.4.1+1) (build 17.0.4.1+1-LTS)
# Java VM: OpenJDK 64-Bit Server VM (17.0.4.1+1-LTS, mixed mode, sharing, tiered, compressed oops, compressed class ptrs, g1 gc, windows-amd64)
GC Precious Log:
 CPUs: 4 total, 4 available
 Memory: 8084M
 Large Page Support: Disabled
 NUMA Support: Disabled
 Compressed Oops: Enabled (32-bit)
 Heap Region Size: 1M
 Heap Min Capacity: 256M
 Heap Initial Capacity: 256M
 Heap Max Capacity: 512M
 Pre-touch: Disabled
 Parallel Workers: 4
 Concurrent Workers: 1
 Concurrent Refinement Workers: 4
 Periodic GC: Disabled
Heap:
 garbage-first heap   total 485376K, used 180853K [0x00000000e0000000, 0x0000000100000000)
  region size 1024K, 26 young (26624K), 11 survivors (11264K)
 Metaspace       used 111956K, committed 113664K, reserved 319488K
  class space    used 13491K, committed 14336K, reserved 212992K
GC Heap History (20 events):
Event: 31289.799 GC heap before
{Heap before GC invocations=595 (full 1):
 garbage-first heap   total 458752K, used 346354K [0x00000000e0000000, 0x0000000100000000)
  region size 1024K, 169 young (173056K), 9 survivors (9216K)
 Metaspace       used 103425K, committed 105152K, reserved 311296K
  class space    used 12373K, committed 13312K, reserved 212992K
}
Event: 31289.823 GC heap after
{Heap after GC invocations=596 (full 1):
 garbage-first heap   total 458752K, used 189423K [0x00000000e0000000, 0x0000000100000000)
  region size 1024K, 14 young (14336K), 14 survivors (14336K)
 Metaspace       used 103425K, committed 105152K, reserved 311296K
  class space    used 12373K, committed 13312K, reserved 212992K
}
Event: 31289.882 GC heap before
{Heap before GC invocations=596 (full 1):
 garbage-first heap   total 458752K, used 197615K [0x00000000e0000000, 0x0000000100000000)
  region size 1024K, 22 young (22528K), 14 survivors (14336K)
 Metaspace       used 103433K, committed 105152K, reserved 311296K
  class space    used 12373K, committed 13312K, reserved 212992K
}
Event: 31289.925 GC heap after
{Heap after GC invocations=597 (full 1):
 garbage-first heap   total 458752K, used 154046K [0x00000000e0000000, 0x0000000100000000)
  region size 1024K, 2 young (2048K), 2 survivors (2048K)
 Metaspace       used 103433K, committed 105152K, reserved 311296K
  class space    used 12373K, committed 13312K, reserved 212992K
}
Event: 31290.091 GC heap before
{Heap before GC invocations=597 (full 1):
 garbage-first heap   total 458752K, used 174526K [0x00000000e0000000, 0x0000000100000000)
  region size 1024K, 22 young (22528K), 2 survivors (2048K)
 Metaspace       used 103468K, committed 105152K, reserved 311296K
  class space    used 12375K, committed 13312K, reserved 212992K
}
Event: 31290.105 GC heap after
{Heap after GC invocations=598 (full 1):
 garbage-first heap   total 458752K, used 151890K [0x00000000e0000000, 0x0000000100000000)
  region size 1024K, 2 young (2048K), 2 survivors (2048K)
 Metaspace       used 103468K, committed 105152K, reserved 311296K
  class space    used 12375K, committed 13312K, reserved 212992K
}
Event: 31291.115 GC heap before
{Heap before GC invocations=598 (full 1):
 garbage-first heap   total 458752K, used 254290K [0x00000000e0000000, 0x0000000100000000)
  region size 1024K, 103 young (105472K), 2 survivors (2048K)
 Metaspace       used 103636K, committed 105344K, reserved 311296K
  class space    used 12381K, committed 13312K, reserved 212992K
}
Event: 31291.125 GC heap after
{Heap after GC invocations=599 (full 1):
 garbage-first heap   total 458752K, used 155862K [0x00000000e0000000, 0x0000000100000000)
  region size 1024K, 6 young (6144K), 6 survivors (6144K)
 Metaspace       used 103636K, committed 105344K, reserved 311296K
  class space    used 12381K, committed 13312K, reserved 212992K
}
Event: 31296.046 GC heap before
{Heap before GC invocations=600 (full 1):
 garbage-first heap   total 458752K, used 340182K [0x00000000e0000000, 0x0000000100000000)
  region size 1024K, 197 young (201728K), 6 survivors (6144K)
 Metaspace       used 104800K, committed 106368K, reserved 311296K
  class space    used 12529K, committed 13312K, reserved 212992K
}
Event: 31296.099 GC heap after
{Heap after GC invocations=601 (full 1):
 garbage-first heap   total 458752K, used 170368K [0x00000000e0000000, 0x0000000100000000)
  region size 1024K, 25 young (25600K), 25 survivors (25600K)
 Metaspace       used 104800K, committed 106368K, reserved 311296K
  class space    used 12529K, committed 13312K, reserved 212992K
}
Event: 31296.107 GC heap before
{Heap before GC invocations=601 (full 1):
 garbage-first heap   total 458752K, used 171392K [0x00000000e0000000, 0x0000000100000000)
  region size 1024K, 26 young (26624K), 25 survivors (25600K)
 Metaspace       used 104815K, committed 106368K, reserved 311296K
  class space    used 12532K, committed 13312K, reserved 212992K
}
Event: 31296.147 GC heap after
{Heap after GC invocations=602 (full 1):
 garbage-first heap   total 458752K, used 158487K [0x00000000e0000000, 0x0000000100000000)
  region size 1024K, 2 young (2048K), 2 survivors (2048K)
 Metaspace       used 104815K, committed 106368K, reserved 311296K
  class space    used 12532K, committed 13312K, reserved 212992K
}
Event: 31299.915 GC heap before
{Heap before GC invocations=602 (full 1):
 garbage-first heap   total 458752K, used 264983K [0x00000000e0000000, 0x0000000100000000)
  region size 1024K, 108 young (110592K), 2 survivors (2048K)
 Metaspace       used 107922K, committed 109440K, reserved 311296K
  class space    used 12954K, committed 13696K, reserved 212992K
}
Event: 31299.940 GC heap after
{Heap after GC invocations=603 (full 1):
 garbage-first heap   total 485376K, used 166323K [0x00000000e0000000, 0x0000000100000000)
  region size 1024K, 10 young (10240K), 10 survivors (10240K)
 Metaspace       used 107922K, committed 109440K, reserved 311296K
  class space    used 12954K, committed 13696K, reserved 212992K
}
Event: 31607.499 GC heap before
{Heap before GC invocations=604 (full 1):
 garbage-first heap   total 485376K, used 367027K [0x00000000e0000000, 0x0000000100000000)
  region size 1024K, 201 young (205824K), 10 survivors (10240K)
 Metaspace       used 111544K, committed 113216K, reserved 319488K
  class space    used 13483K, committed 14272K, reserved 212992K
}
Event: 31607.551 GC heap after
{Heap after GC invocations=605 (full 1):
 garbage-first heap   total 485376K, used 178967K [0x00000000e0000000, 0x0000000100000000)
  region size 1024K, 21 young (21504K), 21 survivors (21504K)
 Metaspace       used 111544K, committed 113216K, reserved 319488K
  class space    used 13483K, committed 14272K, reserved 212992K
}
Event: 31607.619 GC heap before
{Heap before GC invocations=605 (full 1):
 garbage-first heap   total 485376K, used 181015K [0x00000000e0000000, 0x0000000100000000)
  region size 1024K, 23 young (23552K), 21 survivors (21504K)
 Metaspace       used 111557K, committed 113216K, reserved 319488K
  class space    used 13485K, committed 14272K, reserved 212992K
}
Event: 31607.689 GC heap after
{Heap after GC invocations=606 (full 1):
 garbage-first heap   total 485376K, used 157656K [0x00000000e0000000, 0x0000000100000000)
  region size 1024K, 2 young (2048K), 2 survivors (2048K)
 Metaspace       used 111557K, committed 113216K, reserved 319488K
  class space    used 13485K, committed 14272K, reserved 212992K
}
Event: 31611.938 GC heap before
{Heap before GC invocations=606 (full 1):
 garbage-first heap   total 485376K, used 363480K [0x00000000e0000000, 0x0000000100000000)
  region size 1024K, 203 young (207872K), 2 survivors (2048K)
 Metaspace       used 111922K, committed 113600K, reserved 319488K
  class space    used 13491K, committed 14336K, reserved 212992K
}
Event: 31611.954 GC heap after
{Heap after GC invocations=607 (full 1):
 garbage-first heap   total 485376K, used 166517K [0x00000000e0000000, 0x0000000100000000)
  region size 1024K, 11 young (11264K), 11 survivors (11264K)
 Metaspace       used 111922K, committed 113600K, reserved 319488K
  class space    used 13491K, committed 14336K, reserved 212992K
}

